  [1m[35m (0.1ms)[0m  [1m[34mSELECT pg_try_advisory_lock(1371790593955793655)[0m
  [1m[35m (0.4ms)[0m  [1m[34mSELECT "schema_migrations"."version" FROM "schema_migrations" ORDER BY "schema_migrations"."version" ASC[0m
Migrating to CreateUsers (20180403180255)
  [1m[35m (0.2ms)[0m  [1m[35mBEGIN[0m
  [1m[35m (13.6ms)[0m  [1m[35mCREATE TABLE "users" ("id" bigserial primary key, "created_at" timestamp NOT NULL, "updated_at" timestamp NOT NULL)[0m
  [1m[35mSQL (0.5ms)[0m  [1m[32mINSERT INTO "schema_migrations" ("version") VALUES ($1) RETURNING "version"[0m  [["version", "20180403180255"]]
  [1m[35m (5.2ms)[0m  [1m[35mCOMMIT[0m
  [1m[36mActiveRecord::InternalMetadata Load (0.3ms)[0m  [1m[34mSELECT  "ar_internal_metadata".* FROM "ar_internal_metadata" WHERE "ar_internal_metadata"."key" = $1 LIMIT $2[0m  [["key", "environment"], ["LIMIT", 1]]
  [1m[35m (0.2ms)[0m  [1m[35mBEGIN[0m
  [1m[35m (0.1ms)[0m  [1m[35mCOMMIT[0m
  [1m[35m (0.2ms)[0m  [1m[34mSELECT pg_advisory_unlock(1371790593955793655)[0m
  [1m[35m (0.2ms)[0m  [1m[34mSELECT "schema_migrations"."version" FROM "schema_migrations" ORDER BY "schema_migrations"."version" ASC[0m
  [1m[35m (0.1ms)[0m  [1m[34mSELECT pg_try_advisory_lock(1371790593955793655)[0m
  [1m[35m (0.4ms)[0m  [1m[34mSELECT "schema_migrations"."version" FROM "schema_migrations" ORDER BY "schema_migrations"."version" ASC[0m
Migrating to AddDeviseToUsers (20180403180550)
  [1m[35m (0.1ms)[0m  [1m[35mBEGIN[0m
  [1m[35m (9.8ms)[0m  [1m[35mALTER TABLE "users" ADD "email" character varying DEFAULT '' NOT NULL[0m
  [1m[35m (2.7ms)[0m  [1m[35mALTER TABLE "users" ADD "encrypted_password" character varying DEFAULT '' NOT NULL[0m
  [1m[35m (0.3ms)[0m  [1m[35mALTER TABLE "users" ADD "reset_password_token" character varying[0m
  [1m[35m (0.2ms)[0m  [1m[35mALTER TABLE "users" ADD "reset_password_sent_at" timestamp[0m
  [1m[35m (0.2ms)[0m  [1m[35mALTER TABLE "users" ADD "remember_created_at" timestamp[0m
  [1m[35m (3.1ms)[0m  [1m[35mALTER TABLE "users" ADD "sign_in_count" integer DEFAULT 0 NOT NULL[0m
  [1m[35m (0.2ms)[0m  [1m[35mALTER TABLE "users" ADD "current_sign_in_at" timestamp[0m
  [1m[35m (0.2ms)[0m  [1m[35mALTER TABLE "users" ADD "last_sign_in_at" timestamp[0m
  [1m[35m (0.2ms)[0m  [1m[35mALTER TABLE "users" ADD "current_sign_in_ip" inet[0m
  [1m[35m (0.2ms)[0m  [1m[35mALTER TABLE "users" ADD "last_sign_in_ip" inet[0m
  [1m[35m (0.8ms)[0m  [1m[35mCREATE UNIQUE INDEX  "index_users_on_email" ON "users"  ("email")[0m
  [1m[35m (0.7ms)[0m  [1m[35mCREATE UNIQUE INDEX  "index_users_on_reset_password_token" ON "users"  ("reset_password_token")[0m
  [1m[35mSQL (0.3ms)[0m  [1m[32mINSERT INTO "schema_migrations" ("version") VALUES ($1) RETURNING "version"[0m  [["version", "20180403180550"]]
  [1m[35m (1.9ms)[0m  [1m[35mCOMMIT[0m
  [1m[36mActiveRecord::InternalMetadata Load (0.2ms)[0m  [1m[34mSELECT  "ar_internal_metadata".* FROM "ar_internal_metadata" WHERE "ar_internal_metadata"."key" = $1 LIMIT $2[0m  [["key", "environment"], ["LIMIT", 1]]
  [1m[35m (0.2ms)[0m  [1m[35mBEGIN[0m
  [1m[35m (0.1ms)[0m  [1m[35mCOMMIT[0m
  [1m[35m (0.2ms)[0m  [1m[34mSELECT pg_advisory_unlock(1371790593955793655)[0m
  [1m[35m (0.2ms)[0m  [1m[34mSELECT "schema_migrations"."version" FROM "schema_migrations" ORDER BY "schema_migrations"."version" ASC[0m
  [1m[35m (0.2ms)[0m  [1m[34mSELECT pg_try_advisory_lock(1371790593955793655)[0m
  [1m[35m (0.4ms)[0m  [1m[34mSELECT "schema_migrations"."version" FROM "schema_migrations" ORDER BY "schema_migrations"."version" ASC[0m
  [1m[36mActiveRecord::InternalMetadata Load (0.2ms)[0m  [1m[34mSELECT  "ar_internal_metadata".* FROM "ar_internal_metadata" WHERE "ar_internal_metadata"."key" = $1 LIMIT $2[0m  [["key", "environment"], ["LIMIT", 1]]
  [1m[35m (0.1ms)[0m  [1m[35mBEGIN[0m
  [1m[35m (0.1ms)[0m  [1m[35mCOMMIT[0m
  [1m[35m (0.2ms)[0m  [1m[34mSELECT pg_advisory_unlock(1371790593955793655)[0m
  [1m[35m (0.2ms)[0m  [1m[34mSELECT "schema_migrations"."version" FROM "schema_migrations" ORDER BY "schema_migrations"."version" ASC[0m
Started GET "/users/sign_in" for 127.0.0.1 at 2018-04-03 14:07:50 -0400
  [1m[35m (0.6ms)[0m  [1m[34mSELECT "schema_migrations"."version" FROM "schema_migrations" ORDER BY "schema_migrations"."version" ASC[0m
Processing by Devise::SessionsController#new as HTML
  Rendering /Users/ryanbritt/.rbenv/versions/2.5.0/lib/ruby/gems/2.5.0/gems/devise-4.4.3/app/views/devise/sessions/new.html.erb within layouts/application
  Rendered /Users/ryanbritt/.rbenv/versions/2.5.0/lib/ruby/gems/2.5.0/gems/devise-4.4.3/app/views/devise/shared/_links.html.erb (1.7ms)
  Rendered /Users/ryanbritt/.rbenv/versions/2.5.0/lib/ruby/gems/2.5.0/gems/devise-4.4.3/app/views/devise/sessions/new.html.erb within layouts/application (45.0ms)
Completed 200 OK in 274ms (Views: 246.1ms | ActiveRecord: 3.9ms)


Started POST "/users/sign_in" for 127.0.0.1 at 2018-04-03 14:10:31 -0400
Processing by Devise::SessionsController#create as HTML
  Parameters: {"utf8"=>"✓", "authenticity_token"=>"njQx2m4m9gm94isvyh7ky1salAHAWJ9Cpfnr+zh84nWxie5AZ9V2VsmXaz6DHw/Ss85Q1aAOEd3MCATTfD7WqA==", "user"=>{"email"=>"ryan@gmail.com", "password"=>"[FILTERED]", "remember_me"=>"1"}, "commit"=>"Log in"}
  [1m[36mUser Load (0.7ms)[0m  [1m[34mSELECT  "users".* FROM "users" WHERE "users"."email" = $1 ORDER BY "users"."id" ASC LIMIT $2[0m  [["email", "ryan@gmail.com"], ["LIMIT", 1]]
Completed 401 Unauthorized in 8ms (ActiveRecord: 3.3ms)


Processing by Devise::SessionsController#new as HTML
  Parameters: {"utf8"=>"✓", "authenticity_token"=>"njQx2m4m9gm94isvyh7ky1salAHAWJ9Cpfnr+zh84nWxie5AZ9V2VsmXaz6DHw/Ss85Q1aAOEd3MCATTfD7WqA==", "user"=>{"email"=>"ryan@gmail.com", "password"=>"[FILTERED]", "remember_me"=>"1"}, "commit"=>"Log in"}
  Rendering /Users/ryanbritt/.rbenv/versions/2.5.0/lib/ruby/gems/2.5.0/gems/devise-4.4.3/app/views/devise/sessions/new.html.erb within layouts/application
  Rendered /Users/ryanbritt/.rbenv/versions/2.5.0/lib/ruby/gems/2.5.0/gems/devise-4.4.3/app/views/devise/shared/_links.html.erb (0.7ms)
  Rendered /Users/ryanbritt/.rbenv/versions/2.5.0/lib/ruby/gems/2.5.0/gems/devise-4.4.3/app/views/devise/sessions/new.html.erb within layouts/application (6.3ms)
Completed 200 OK in 178ms (Views: 44.2ms | ActiveRecord: 0.0ms)


Started GET "/users/sign_up" for 127.0.0.1 at 2018-04-03 14:10:37 -0400
Processing by Devise::RegistrationsController#new as HTML
  Rendering /Users/ryanbritt/.rbenv/versions/2.5.0/lib/ruby/gems/2.5.0/gems/devise-4.4.3/app/views/devise/registrations/new.html.erb within layouts/application
  Rendered /Users/ryanbritt/.rbenv/versions/2.5.0/lib/ruby/gems/2.5.0/gems/devise-4.4.3/app/views/devise/shared/_links.html.erb (0.9ms)
  Rendered /Users/ryanbritt/.rbenv/versions/2.5.0/lib/ruby/gems/2.5.0/gems/devise-4.4.3/app/views/devise/registrations/new.html.erb within layouts/application (8.3ms)
Completed 200 OK in 42ms (Views: 40.9ms | ActiveRecord: 0.0ms)


Started POST "/users" for 127.0.0.1 at 2018-04-03 14:10:48 -0400
Processing by Devise::RegistrationsController#create as HTML
  Parameters: {"utf8"=>"✓", "authenticity_token"=>"sHyVOZ0JMcRa4v7yHSCf/YtR4VoBbi/8hQWr1V9mA9+DeRI6FDyFL/URf9awlI6L7ZxoD2RemyTPEg2gwBsWaw==", "user"=>{"email"=>"ryan@gmail.com", "password"=>"[FILTERED]", "password_confirmation"=>"[FILTERED]"}, "commit"=>"Sign up"}
  [1m[35m (0.1ms)[0m  [1m[35mBEGIN[0m
  [1m[36mUser Exists (0.3ms)[0m  [1m[34mSELECT  1 AS one FROM "users" WHERE "users"."email" = $1 LIMIT $2[0m  [["email", "ryan@gmail.com"], ["LIMIT", 1]]
  [1m[35mSQL (0.8ms)[0m  [1m[32mINSERT INTO "users" ("created_at", "updated_at", "email", "encrypted_password") VALUES ($1, $2, $3, $4) RETURNING "id"[0m  [["created_at", "2018-04-03 18:10:48.458073"], ["updated_at", "2018-04-03 18:10:48.458073"], ["email", "ryan@gmail.com"], ["encrypted_password", "$2a$11$zeyixwLoh1vE2NIY/Ylf3.rnvHVru5EVHkm7GBi.Oyy0Lxg82noPG"]]
  [1m[35m (12.0ms)[0m  [1m[35mCOMMIT[0m
  [1m[35m (0.2ms)[0m  [1m[35mBEGIN[0m
  [1m[35mSQL (6.3ms)[0m  [1m[33mUPDATE "users" SET "updated_at" = $1, "sign_in_count" = $2, "current_sign_in_at" = $3, "last_sign_in_at" = $4, "current_sign_in_ip" = $5, "last_sign_in_ip" = $6 WHERE "users"."id" = $7[0m  [["updated_at", "2018-04-03 18:10:48.473806"], ["sign_in_count", 1], ["current_sign_in_at", "2018-04-03 18:10:48.472855"], ["last_sign_in_at", "2018-04-03 18:10:48.472855"], ["current_sign_in_ip", "127.0.0.1/32"], ["last_sign_in_ip", "127.0.0.1/32"], ["id", 1]]
  [1m[35m (0.5ms)[0m  [1m[35mCOMMIT[0m
Redirected to http://localhost:3000/
Completed 302 Found in 165ms (ActiveRecord: 20.2ms)


Started GET "/" for 127.0.0.1 at 2018-04-03 14:10:48 -0400
Processing by Rails::WelcomeController#index as HTML
  Rendering /Users/ryanbritt/.rbenv/versions/2.5.0/lib/ruby/gems/2.5.0/gems/railties-5.1.6/lib/rails/templates/rails/welcome/index.html.erb
  Rendered /Users/ryanbritt/.rbenv/versions/2.5.0/lib/ruby/gems/2.5.0/gems/railties-5.1.6/lib/rails/templates/rails/welcome/index.html.erb (1.9ms)
Completed 200 OK in 9ms (Views: 5.3ms | ActiveRecord: 0.0ms)


  [1m[35m (0.1ms)[0m  [1m[34mSELECT pg_try_advisory_lock(1371790593955793655)[0m
  [1m[35m (0.4ms)[0m  [1m[34mSELECT "schema_migrations"."version" FROM "schema_migrations" ORDER BY "schema_migrations"."version" ASC[0m
Migrating to CreateDishes (20180403181415)
  [1m[35m (0.1ms)[0m  [1m[35mBEGIN[0m
  [1m[35m (12.2ms)[0m  [1m[35mCREATE TABLE "dishes" ("id" bigserial primary key, "name" character varying, "description" character varying, "course" integer, "cost" integer, "created_at" timestamp NOT NULL, "updated_at" timestamp NOT NULL)[0m
  [1m[35mSQL (0.4ms)[0m  [1m[32mINSERT INTO "schema_migrations" ("version") VALUES ($1) RETURNING "version"[0m  [["version", "20180403181415"]]
  [1m[35m (0.7ms)[0m  [1m[35mCOMMIT[0m
  [1m[36mActiveRecord::InternalMetadata Load (0.3ms)[0m  [1m[34mSELECT  "ar_internal_metadata".* FROM "ar_internal_metadata" WHERE "ar_internal_metadata"."key" = $1 LIMIT $2[0m  [["key", "environment"], ["LIMIT", 1]]
  [1m[35m (0.1ms)[0m  [1m[35mBEGIN[0m
  [1m[35m (0.1ms)[0m  [1m[35mCOMMIT[0m
  [1m[35m (0.2ms)[0m  [1m[34mSELECT pg_advisory_unlock(1371790593955793655)[0m
  [1m[35m (0.2ms)[0m  [1m[34mSELECT "schema_migrations"."version" FROM "schema_migrations" ORDER BY "schema_migrations"."version" ASC[0m
  [1m[35m (0.1ms)[0m  [1m[34mSELECT pg_try_advisory_lock(1371790593955793655)[0m
  [1m[35m (0.4ms)[0m  [1m[34mSELECT "schema_migrations"."version" FROM "schema_migrations" ORDER BY "schema_migrations"."version" ASC[0m
Migrating to CreateIngredients (20180403182148)
  [1m[35m (0.5ms)[0m  [1m[35mBEGIN[0m
  [1m[35m (0.2ms)[0m  [1m[31mROLLBACK[0m
  [1m[35m (0.2ms)[0m  [1m[34mSELECT pg_advisory_unlock(1371790593955793655)[0m
  [1m[35m (0.1ms)[0m  [1m[34mSELECT pg_try_advisory_lock(1371790593955793655)[0m
  [1m[35m (0.6ms)[0m  [1m[34mSELECT "schema_migrations"."version" FROM "schema_migrations" ORDER BY "schema_migrations"."version" ASC[0m
Migrating to CreateIngredients (20180403182148)
  [1m[35m (0.1ms)[0m  [1m[35mBEGIN[0m
  [1m[35m (12.0ms)[0m  [1m[35mCREATE TABLE "ingredients" ("id" bigserial primary key, "name" character varying, "description" character varying, "created_at" timestamp NOT NULL, "updated_at" timestamp NOT NULL)[0m
  [1m[35mSQL (0.3ms)[0m  [1m[32mINSERT INTO "schema_migrations" ("version") VALUES ($1) RETURNING "version"[0m  [["version", "20180403182148"]]
  [1m[35m (0.5ms)[0m  [1m[35mCOMMIT[0m
  [1m[36mActiveRecord::InternalMetadata Load (0.3ms)[0m  [1m[34mSELECT  "ar_internal_metadata".* FROM "ar_internal_metadata" WHERE "ar_internal_metadata"."key" = $1 LIMIT $2[0m  [["key", "environment"], ["LIMIT", 1]]
  [1m[35m (0.2ms)[0m  [1m[35mBEGIN[0m
  [1m[35m (0.1ms)[0m  [1m[35mCOMMIT[0m
  [1m[35m (0.3ms)[0m  [1m[34mSELECT pg_advisory_unlock(1371790593955793655)[0m
  [1m[35m (0.2ms)[0m  [1m[34mSELECT "schema_migrations"."version" FROM "schema_migrations" ORDER BY "schema_migrations"."version" ASC[0m
  [1m[35m (0.1ms)[0m  [1m[34mSELECT pg_try_advisory_lock(1371790593955793655)[0m
  [1m[35m (0.4ms)[0m  [1m[34mSELECT "schema_migrations"."version" FROM "schema_migrations" ORDER BY "schema_migrations"."version" ASC[0m
Migrating to CreateIngredientsDishes (20180403182425)
  [1m[35m (0.1ms)[0m  [1m[35mBEGIN[0m
  [1m[35m (11.4ms)[0m  [1m[35mCREATE TABLE "ingredients_dishes" ("id" bigserial primary key, "ingredient_id" integer, "dish_id" integer, "created_at" timestamp NOT NULL, "updated_at" timestamp NOT NULL)[0m
  [1m[35mSQL (0.3ms)[0m  [1m[32mINSERT INTO "schema_migrations" ("version") VALUES ($1) RETURNING "version"[0m  [["version", "20180403182425"]]
  [1m[35m (0.5ms)[0m  [1m[35mCOMMIT[0m
  [1m[36mActiveRecord::InternalMetadata Load (0.3ms)[0m  [1m[34mSELECT  "ar_internal_metadata".* FROM "ar_internal_metadata" WHERE "ar_internal_metadata"."key" = $1 LIMIT $2[0m  [["key", "environment"], ["LIMIT", 1]]
  [1m[35m (0.1ms)[0m  [1m[35mBEGIN[0m
  [1m[35m (0.2ms)[0m  [1m[35mCOMMIT[0m
  [1m[35m (0.2ms)[0m  [1m[34mSELECT pg_advisory_unlock(1371790593955793655)[0m
  [1m[35m (0.3ms)[0m  [1m[34mSELECT "schema_migrations"."version" FROM "schema_migrations" ORDER BY "schema_migrations"."version" ASC[0m
  [1m[35m (0.1ms)[0m  [1m[34mSELECT pg_try_advisory_lock(1371790593955793655)[0m
  [1m[35m (0.4ms)[0m  [1m[34mSELECT "schema_migrations"."version" FROM "schema_migrations" ORDER BY "schema_migrations"."version" ASC[0m
Migrating to CreateUserDishes (20180403182548)
  [1m[35m (0.1ms)[0m  [1m[35mBEGIN[0m
  [1m[35m (4.0ms)[0m  [1m[35mCREATE TABLE "user_dishes" ("id" bigserial primary key, "user_id" integer, "dish_id" integer, "created_at" timestamp NOT NULL, "updated_at" timestamp NOT NULL)[0m
  [1m[35mSQL (0.3ms)[0m  [1m[32mINSERT INTO "schema_migrations" ("version") VALUES ($1) RETURNING "version"[0m  [["version", "20180403182548"]]
  [1m[35m (0.4ms)[0m  [1m[35mCOMMIT[0m
  [1m[36mActiveRecord::InternalMetadata Load (0.2ms)[0m  [1m[34mSELECT  "ar_internal_metadata".* FROM "ar_internal_metadata" WHERE "ar_internal_metadata"."key" = $1 LIMIT $2[0m  [["key", "environment"], ["LIMIT", 1]]
  [1m[35m (0.1ms)[0m  [1m[35mBEGIN[0m
  [1m[35m (0.1ms)[0m  [1m[35mCOMMIT[0m
  [1m[35m (0.1ms)[0m  [1m[34mSELECT pg_advisory_unlock(1371790593955793655)[0m
  [1m[35m (0.2ms)[0m  [1m[34mSELECT "schema_migrations"."version" FROM "schema_migrations" ORDER BY "schema_migrations"."version" ASC[0m
  [1m[35m (0.1ms)[0m  [1m[34mSELECT pg_try_advisory_lock(1371790593955793655)[0m
  [1m[35m (0.5ms)[0m  [1m[34mSELECT "schema_migrations"."version" FROM "schema_migrations" ORDER BY "schema_migrations"."version" ASC[0m
Migrating to AddIndexes (20180403183526)
  [1m[35m (0.1ms)[0m  [1m[35mBEGIN[0m
  [1m[35m (6.9ms)[0m  [1m[35mCREATE  INDEX  "index_ingredients_dishes_on_ingredient_id" ON "ingredients_dishes"  ("ingredient_id")[0m
  [1m[35m (0.9ms)[0m  [1m[35mCREATE  INDEX  "index_ingredients_dishes_on_dish_id" ON "ingredients_dishes"  ("dish_id")[0m
  [1m[35m (0.8ms)[0m  [1m[35mCREATE  INDEX  "index_user_dishes_on_user_id" ON "user_dishes"  ("user_id")[0m
  [1m[35m (0.7ms)[0m  [1m[35mCREATE  INDEX  "index_user_dishes_on_dish_id" ON "user_dishes"  ("dish_id")[0m
  [1m[35mSQL (0.3ms)[0m  [1m[32mINSERT INTO "schema_migrations" ("version") VALUES ($1) RETURNING "version"[0m  [["version", "20180403183526"]]
  [1m[35m (0.6ms)[0m  [1m[35mCOMMIT[0m
  [1m[36mActiveRecord::InternalMetadata Load (0.3ms)[0m  [1m[34mSELECT  "ar_internal_metadata".* FROM "ar_internal_metadata" WHERE "ar_internal_metadata"."key" = $1 LIMIT $2[0m  [["key", "environment"], ["LIMIT", 1]]
  [1m[35m (0.1ms)[0m  [1m[35mBEGIN[0m
  [1m[35m (0.1ms)[0m  [1m[35mCOMMIT[0m
  [1m[35m (0.2ms)[0m  [1m[34mSELECT pg_advisory_unlock(1371790593955793655)[0m
  [1m[35m (0.2ms)[0m  [1m[34mSELECT "schema_migrations"."version" FROM "schema_migrations" ORDER BY "schema_migrations"."version" ASC[0m
  [1m[35m (0.6ms)[0m  [1m[34mSELECT "schema_migrations"."version" FROM "schema_migrations" ORDER BY "schema_migrations"."version" ASC[0m
  [1m[35m (0.8ms)[0m  [1m[34mSELECT "schema_migrations"."version" FROM "schema_migrations" ORDER BY "schema_migrations"."version" ASC[0m
  [1m[35m (0.6ms)[0m  [1m[34mSELECT "schema_migrations"."version" FROM "schema_migrations" ORDER BY "schema_migrations"."version" ASC[0m
  [1m[35m (0.1ms)[0m  [1m[35mBEGIN[0m
  [1m[35mSQL (0.6ms)[0m  [1m[32mINSERT INTO "dishes" ("name", "description", "course", "cost", "created_at", "updated_at") VALUES ($1, $2, $3, $4, $5, $6) RETURNING "id"[0m  [["name", "Chicken Parm"], ["description", "This ain't yo mama's chicken parm."], ["course", 3], ["cost", 27], ["created_at", "2018-04-03 18:56:42.395732"], ["updated_at", "2018-04-03 18:56:42.395732"]]
  [1m[35m (0.4ms)[0m  [1m[35mCOMMIT[0m
  [1m[35m (0.1ms)[0m  [1m[35mBEGIN[0m
  [1m[35mSQL (0.2ms)[0m  [1m[32mINSERT INTO "dishes" ("name", "description", "course", "cost", "created_at", "updated_at") VALUES ($1, $2, $3, $4, $5, $6) RETURNING "id"[0m  [["name", "Meatloaf Sandwich"], ["description", "Made by Ryan Britt"], ["course", 3], ["cost", 97], ["created_at", "2018-04-03 18:56:42.398279"], ["updated_at", "2018-04-03 18:56:42.398279"]]
  [1m[35m (0.4ms)[0m  [1m[35mCOMMIT[0m
  [1m[35m (0.1ms)[0m  [1m[35mBEGIN[0m
  [1m[35mSQL (0.2ms)[0m  [1m[32mINSERT INTO "dishes" ("name", "description", "course", "cost", "created_at", "updated_at") VALUES ($1, $2, $3, $4, $5, $6) RETURNING "id"[0m  [["name", "Garden Salad"], ["description", "Healthy, delicious, utterly boring"], ["course", 2], ["cost", 9], ["created_at", "2018-04-03 18:56:42.399991"], ["updated_at", "2018-04-03 18:56:42.399991"]]
  [1m[35m (0.5ms)[0m  [1m[35mCOMMIT[0m
  [1m[35m (0.1ms)[0m  [1m[35mBEGIN[0m
  [1m[35mSQL (0.2ms)[0m  [1m[32mINSERT INTO "dishes" ("name", "description", "course", "cost", "created_at", "updated_at") VALUES ($1, $2, $3, $4, $5, $6) RETURNING "id"[0m  [["name", "Cobb Salad"], ["description", "This is healthy, right?"], ["course", 2], ["cost", 15], ["created_at", "2018-04-03 18:56:42.401872"], ["updated_at", "2018-04-03 18:56:42.401872"]]
  [1m[35m (0.4ms)[0m  [1m[35mCOMMIT[0m
  [1m[35m (0.1ms)[0m  [1m[35mBEGIN[0m
  [1m[35mSQL (0.2ms)[0m  [1m[32mINSERT INTO "dishes" ("name", "description", "course", "cost", "created_at", "updated_at") VALUES ($1, $2, $3, $4, $5, $6) RETURNING "id"[0m  [["name", "Calamari"], ["description", "Crunchy and tasty."], ["course", 1], ["cost", 13], ["created_at", "2018-04-03 18:56:42.403664"], ["updated_at", "2018-04-03 18:56:42.403664"]]
  [1m[35m (0.4ms)[0m  [1m[35mCOMMIT[0m
  [1m[35m (0.1ms)[0m  [1m[35mBEGIN[0m
  [1m[35mSQL (0.2ms)[0m  [1m[32mINSERT INTO "dishes" ("name", "description", "course", "cost", "created_at", "updated_at") VALUES ($1, $2, $3, $4, $5, $6) RETURNING "id"[0m  [["name", "Bruschetta"], ["description", "Give it a shot, it's good, I promise"], ["course", 1], ["cost", 12], ["created_at", "2018-04-03 18:56:42.405050"], ["updated_at", "2018-04-03 18:56:42.405050"]]
  [1m[35m (0.3ms)[0m  [1m[35mCOMMIT[0m
  [1m[35m (0.1ms)[0m  [1m[35mBEGIN[0m
  [1m[35mSQL (0.4ms)[0m  [1m[32mINSERT INTO "ingredients" ("name", "description", "created_at", "updated_at") VALUES ($1, $2, $3, $4) RETURNING "id"[0m  [["name", "Garlic"], ["description", "Put it in everything"], ["created_at", "2018-04-03 18:56:42.413634"], ["updated_at", "2018-04-03 18:56:42.413634"]]
  [1m[35m (0.4ms)[0m  [1m[35mCOMMIT[0m
  [1m[35m (0.1ms)[0m  [1m[35mBEGIN[0m
  [1m[35mSQL (0.2ms)[0m  [1m[32mINSERT INTO "ingredients" ("name", "description", "created_at", "updated_at") VALUES ($1, $2, $3, $4) RETURNING "id"[0m  [["name", "Romain Lettuce"], ["description", "How can something so boring taste so delicious?"], ["created_at", "2018-04-03 18:56:42.415677"], ["updated_at", "2018-04-03 18:56:42.415677"]]
  [1m[35m (0.4ms)[0m  [1m[35mCOMMIT[0m
  [1m[35m (0.1ms)[0m  [1m[35mBEGIN[0m
  [1m[35mSQL (0.2ms)[0m  [1m[32mINSERT INTO "ingredients" ("name", "description", "created_at", "updated_at") VALUES ($1, $2, $3, $4) RETURNING "id"[0m  [["name", "Squid"], ["description", "What do you think I am? Wikipedia?"], ["created_at", "2018-04-03 18:56:42.417500"], ["updated_at", "2018-04-03 18:56:42.417500"]]
  [1m[35m (0.4ms)[0m  [1m[35mCOMMIT[0m
  [1m[35m (0.1ms)[0m  [1m[35mBEGIN[0m
  [1m[35mSQL (0.3ms)[0m  [1m[32mINSERT INTO "ingredients" ("name", "description", "created_at", "updated_at") VALUES ($1, $2, $3, $4) RETURNING "id"[0m  [["name", "Beef"], ["description", "It's free range, I promise..."], ["created_at", "2018-04-03 18:56:42.419079"], ["updated_at", "2018-04-03 18:56:42.419079"]]
  [1m[35m (0.5ms)[0m  [1m[35mCOMMIT[0m
  [1m[35m (0.6ms)[0m  [1m[34mSELECT "schema_migrations"."version" FROM "schema_migrations" ORDER BY "schema_migrations"."version" ASC[0m
  [1m[35m (0.1ms)[0m  [1m[35mBEGIN[0m
  [1m[35mSQL (0.4ms)[0m  [1m[32mINSERT INTO "dishes" ("name", "description", "course", "cost", "created_at", "updated_at") VALUES ($1, $2, $3, $4, $5, $6) RETURNING "id"[0m  [["name", "Chicken Parm"], ["description", "This ain't yo mama's chicken parm."], ["course", 3], ["cost", 27], ["created_at", "2018-04-03 19:00:00.213966"], ["updated_at", "2018-04-03 19:00:00.213966"]]
  [1m[35m (6.0ms)[0m  [1m[35mCOMMIT[0m
  [1m[35m (0.2ms)[0m  [1m[35mBEGIN[0m
  [1m[35mSQL (0.3ms)[0m  [1m[32mINSERT INTO "dishes" ("name", "description", "course", "cost", "created_at", "updated_at") VALUES ($1, $2, $3, $4, $5, $6) RETURNING "id"[0m  [["name", "Meatloaf Sandwich"], ["description", "Made by Ryan Britt"], ["course", 3], ["cost", 97], ["created_at", "2018-04-03 19:00:00.222678"], ["updated_at", "2018-04-03 19:00:00.222678"]]
  [1m[35m (0.4ms)[0m  [1m[35mCOMMIT[0m
  [1m[35m (0.1ms)[0m  [1m[35mBEGIN[0m
  [1m[35mSQL (0.3ms)[0m  [1m[32mINSERT INTO "dishes" ("name", "description", "course", "cost", "created_at", "updated_at") VALUES ($1, $2, $3, $4, $5, $6) RETURNING "id"[0m  [["name", "Garden Salad"], ["description", "Healthy, delicious, utterly boring"], ["course", 2], ["cost", 9], ["created_at", "2018-04-03 19:00:00.225036"], ["updated_at", "2018-04-03 19:00:00.225036"]]
  [1m[35m (0.4ms)[0m  [1m[35mCOMMIT[0m
  [1m[35m (0.1ms)[0m  [1m[35mBEGIN[0m
  [1m[35mSQL (0.2ms)[0m  [1m[32mINSERT INTO "dishes" ("name", "description", "course", "cost", "created_at", "updated_at") VALUES ($1, $2, $3, $4, $5, $6) RETURNING "id"[0m  [["name", "Cobb Salad"], ["description", "This is healthy, right?"], ["course", 2], ["cost", 15], ["created_at", "2018-04-03 19:00:00.227132"], ["updated_at", "2018-04-03 19:00:00.227132"]]
  [1m[35m (0.3ms)[0m  [1m[35mCOMMIT[0m
  [1m[35m (0.1ms)[0m  [1m[35mBEGIN[0m
  [1m[35mSQL (0.2ms)[0m  [1m[32mINSERT INTO "dishes" ("name", "description", "course", "cost", "created_at", "updated_at") VALUES ($1, $2, $3, $4, $5, $6) RETURNING "id"[0m  [["name", "Calamari"], ["description", "Crunchy and tasty."], ["course", 1], ["cost", 13], ["created_at", "2018-04-03 19:00:00.229121"], ["updated_at", "2018-04-03 19:00:00.229121"]]
  [1m[35m (0.4ms)[0m  [1m[35mCOMMIT[0m
  [1m[35m (0.1ms)[0m  [1m[35mBEGIN[0m
  [1m[35mSQL (0.2ms)[0m  [1m[32mINSERT INTO "dishes" ("name", "description", "course", "cost", "created_at", "updated_at") VALUES ($1, $2, $3, $4, $5, $6) RETURNING "id"[0m  [["name", "Bruschetta"], ["description", "Give it a shot, it's good, I promise"], ["course", 1], ["cost", 12], ["created_at", "2018-04-03 19:00:00.230903"], ["updated_at", "2018-04-03 19:00:00.230903"]]
  [1m[35m (0.4ms)[0m  [1m[35mCOMMIT[0m
  [1m[35m (0.1ms)[0m  [1m[35mBEGIN[0m
  [1m[35mSQL (0.3ms)[0m  [1m[32mINSERT INTO "ingredients" ("name", "description", "created_at", "updated_at") VALUES ($1, $2, $3, $4) RETURNING "id"[0m  [["name", "Garlic"], ["description", "Put it in everything"], ["created_at", "2018-04-03 19:00:00.240504"], ["updated_at", "2018-04-03 19:00:00.240504"]]
  [1m[35m (0.4ms)[0m  [1m[35mCOMMIT[0m
  [1m[35m (0.2ms)[0m  [1m[35mBEGIN[0m
  [1m[35mSQL (0.3ms)[0m  [1m[32mINSERT INTO "ingredients" ("name", "description", "created_at", "updated_at") VALUES ($1, $2, $3, $4) RETURNING "id"[0m  [["name", "Romain Lettuce"], ["description", "How can something so boring taste so delicious?"], ["created_at", "2018-04-03 19:00:00.242570"], ["updated_at", "2018-04-03 19:00:00.242570"]]
  [1m[35m (0.4ms)[0m  [1m[35mCOMMIT[0m
  [1m[35m (0.1ms)[0m  [1m[35mBEGIN[0m
  [1m[35mSQL (0.2ms)[0m  [1m[32mINSERT INTO "ingredients" ("name", "description", "created_at", "updated_at") VALUES ($1, $2, $3, $4) RETURNING "id"[0m  [["name", "Squid"], ["description", "What do you think I am? Wikipedia?"], ["created_at", "2018-04-03 19:00:00.244485"], ["updated_at", "2018-04-03 19:00:00.244485"]]
  [1m[35m (0.4ms)[0m  [1m[35mCOMMIT[0m
  [1m[35m (0.1ms)[0m  [1m[35mBEGIN[0m
  [1m[35mSQL (0.2ms)[0m  [1m[32mINSERT INTO "ingredients" ("name", "description", "created_at", "updated_at") VALUES ($1, $2, $3, $4) RETURNING "id"[0m  [["name", "Beef"], ["description", "It's free range, I promise..."], ["created_at", "2018-04-03 19:00:00.246133"], ["updated_at", "2018-04-03 19:00:00.246133"]]
  [1m[35m (0.4ms)[0m  [1m[35mCOMMIT[0m
  [1m[35m (0.1ms)[0m  [1m[35mBEGIN[0m
  [1m[36mIngredient Load (0.2ms)[0m  [1m[34mSELECT  "ingredients".* FROM "ingredients" WHERE "ingredients"."id" = $1 LIMIT $2[0m  [["id", 1], ["LIMIT", 1]]
  [1m[36mDish Load (0.2ms)[0m  [1m[34mSELECT  "dishes".* FROM "dishes" WHERE "dishes"."id" = $1 LIMIT $2[0m  [["id", 1], ["LIMIT", 1]]
  [1m[35mSQL (0.7ms)[0m  [1m[32mINSERT INTO "ingredients_dishes" ("ingredient_id", "dish_id", "created_at", "updated_at") VALUES ($1, $2, $3, $4) RETURNING "id"[0m  [["ingredient_id", 1], ["dish_id", 1], ["created_at", "2018-04-03 19:00:00.275269"], ["updated_at", "2018-04-03 19:00:00.275269"]]
  [1m[35m (6.5ms)[0m  [1m[35mCOMMIT[0m
  [1m[35m (0.2ms)[0m  [1m[35mBEGIN[0m
  [1m[36mIngredient Load (0.2ms)[0m  [1m[34mSELECT  "ingredients".* FROM "ingredients" WHERE "ingredients"."id" = $1 LIMIT $2[0m  [["id", 1], ["LIMIT", 1]]
  [1m[36mDish Load (0.2ms)[0m  [1m[34mSELECT  "dishes".* FROM "dishes" WHERE "dishes"."id" = $1 LIMIT $2[0m  [["id", 2], ["LIMIT", 1]]
  [1m[35mSQL (0.2ms)[0m  [1m[32mINSERT INTO "ingredients_dishes" ("ingredient_id", "dish_id", "created_at", "updated_at") VALUES ($1, $2, $3, $4) RETURNING "id"[0m  [["ingredient_id", 1], ["dish_id", 2], ["created_at", "2018-04-03 19:00:00.286010"], ["updated_at", "2018-04-03 19:00:00.286010"]]
  [1m[35m (6.5ms)[0m  [1m[35mCOMMIT[0m
  [1m[35m (0.2ms)[0m  [1m[35mBEGIN[0m
  [1m[36mIngredient Load (0.2ms)[0m  [1m[34mSELECT  "ingredients".* FROM "ingredients" WHERE "ingredients"."id" = $1 LIMIT $2[0m  [["id", 2], ["LIMIT", 1]]
  [1m[36mDish Load (0.2ms)[0m  [1m[34mSELECT  "dishes".* FROM "dishes" WHERE "dishes"."id" = $1 LIMIT $2[0m  [["id", 1], ["LIMIT", 1]]
  [1m[35mSQL (0.2ms)[0m  [1m[32mINSERT INTO "ingredients_dishes" ("ingredient_id", "dish_id", "created_at", "updated_at") VALUES ($1, $2, $3, $4) RETURNING "id"[0m  [["ingredient_id", 2], ["dish_id", 1], ["created_at", "2018-04-03 19:00:00.296139"], ["updated_at", "2018-04-03 19:00:00.296139"]]
  [1m[35m (0.4ms)[0m  [1m[35mCOMMIT[0m
  [1m[35m (0.1ms)[0m  [1m[35mBEGIN[0m
  [1m[36mIngredient Load (0.2ms)[0m  [1m[34mSELECT  "ingredients".* FROM "ingredients" WHERE "ingredients"."id" = $1 LIMIT $2[0m  [["id", 1], ["LIMIT", 1]]
  [1m[36mDish Load (0.1ms)[0m  [1m[34mSELECT  "dishes".* FROM "dishes" WHERE "dishes"."id" = $1 LIMIT $2[0m  [["id", 3], ["LIMIT", 1]]
  [1m[35mSQL (0.2ms)[0m  [1m[32mINSERT INTO "ingredients_dishes" ("ingredient_id", "dish_id", "created_at", "updated_at") VALUES ($1, $2, $3, $4) RETURNING "id"[0m  [["ingredient_id", 1], ["dish_id", 3], ["created_at", "2018-04-03 19:00:00.299172"], ["updated_at", "2018-04-03 19:00:00.299172"]]
  [1m[35m (0.4ms)[0m  [1m[35mCOMMIT[0m
  [1m[35m (0.1ms)[0m  [1m[35mBEGIN[0m
  [1m[36mIngredient Load (0.2ms)[0m  [1m[34mSELECT  "ingredients".* FROM "ingredients" WHERE "ingredients"."id" = $1 LIMIT $2[0m  [["id", 3], ["LIMIT", 1]]
  [1m[36mDish Load (0.1ms)[0m  [1m[34mSELECT  "dishes".* FROM "dishes" WHERE "dishes"."id" = $1 LIMIT $2[0m  [["id", 1], ["LIMIT", 1]]
  [1m[35mSQL (0.2ms)[0m  [1m[32mINSERT INTO "ingredients_dishes" ("ingredient_id", "dish_id", "created_at", "updated_at") VALUES ($1, $2, $3, $4) RETURNING "id"[0m  [["ingredient_id", 3], ["dish_id", 1], ["created_at", "2018-04-03 19:00:00.302190"], ["updated_at", "2018-04-03 19:00:00.302190"]]
  [1m[35m (0.3ms)[0m  [1m[35mCOMMIT[0m
  [1m[35m (0.1ms)[0m  [1m[35mBEGIN[0m
  [1m[36mDish Load (0.2ms)[0m  [1m[34mSELECT  "dishes".* FROM "dishes" WHERE "dishes"."id" = $1 LIMIT $2[0m  [["id", 1], ["LIMIT", 1]]
  [1m[36mUser Load (0.3ms)[0m  [1m[34mSELECT  "users".* FROM "users" WHERE "users"."id" = $1 LIMIT $2[0m  [["id", 1], ["LIMIT", 1]]
  [1m[35mSQL (0.6ms)[0m  [1m[32mINSERT INTO "user_dishes" ("user_id", "dish_id", "created_at", "updated_at") VALUES ($1, $2, $3, $4) RETURNING "id"[0m  [["user_id", 1], ["dish_id", 1], ["created_at", "2018-04-03 19:00:00.324052"], ["updated_at", "2018-04-03 19:00:00.324052"]]
  [1m[35m (0.4ms)[0m  [1m[35mCOMMIT[0m
  [1m[35m (0.1ms)[0m  [1m[35mBEGIN[0m
  [1m[36mDish Load (0.1ms)[0m  [1m[34mSELECT  "dishes".* FROM "dishes" WHERE "dishes"."id" = $1 LIMIT $2[0m  [["id", 2], ["LIMIT", 1]]
  [1m[36mUser Load (0.2ms)[0m  [1m[34mSELECT  "users".* FROM "users" WHERE "users"."id" = $1 LIMIT $2[0m  [["id", 1], ["LIMIT", 1]]
  [1m[35mSQL (0.2ms)[0m  [1m[32mINSERT INTO "user_dishes" ("user_id", "dish_id", "created_at", "updated_at") VALUES ($1, $2, $3, $4) RETURNING "id"[0m  [["user_id", 1], ["dish_id", 2], ["created_at", "2018-04-03 19:00:00.327499"], ["updated_at", "2018-04-03 19:00:00.327499"]]
  [1m[35m (0.4ms)[0m  [1m[35mCOMMIT[0m
  [1m[35m (0.1ms)[0m  [1m[35mBEGIN[0m
  [1m[36mDish Load (0.1ms)[0m  [1m[34mSELECT  "dishes".* FROM "dishes" WHERE "dishes"."id" = $1 LIMIT $2[0m  [["id", 3], ["LIMIT", 1]]
  [1m[36mUser Load (0.2ms)[0m  [1m[34mSELECT  "users".* FROM "users" WHERE "users"."id" = $1 LIMIT $2[0m  [["id", 1], ["LIMIT", 1]]
  [1m[35mSQL (0.2ms)[0m  [1m[32mINSERT INTO "user_dishes" ("user_id", "dish_id", "created_at", "updated_at") VALUES ($1, $2, $3, $4) RETURNING "id"[0m  [["user_id", 1], ["dish_id", 3], ["created_at", "2018-04-03 19:00:00.330321"], ["updated_at", "2018-04-03 19:00:00.330321"]]
  [1m[35m (0.4ms)[0m  [1m[35mCOMMIT[0m
  [1m[35m (0.1ms)[0m  [1m[35mBEGIN[0m
  [1m[36mDish Load (0.1ms)[0m  [1m[34mSELECT  "dishes".* FROM "dishes" WHERE "dishes"."id" = $1 LIMIT $2[0m  [["id", 4], ["LIMIT", 1]]
  [1m[36mUser Load (0.2ms)[0m  [1m[34mSELECT  "users".* FROM "users" WHERE "users"."id" = $1 LIMIT $2[0m  [["id", 1], ["LIMIT", 1]]
  [1m[35mSQL (0.2ms)[0m  [1m[32mINSERT INTO "user_dishes" ("user_id", "dish_id", "created_at", "updated_at") VALUES ($1, $2, $3, $4) RETURNING "id"[0m  [["user_id", 1], ["dish_id", 4], ["created_at", "2018-04-03 19:00:00.333707"], ["updated_at", "2018-04-03 19:00:00.333707"]]
  [1m[35m (0.4ms)[0m  [1m[35mCOMMIT[0m
  [1m[35m (0.1ms)[0m  [1m[35mBEGIN[0m
  [1m[36mDish Load (0.1ms)[0m  [1m[34mSELECT  "dishes".* FROM "dishes" WHERE "dishes"."id" = $1 LIMIT $2[0m  [["id", 5], ["LIMIT", 1]]
  [1m[36mUser Load (0.2ms)[0m  [1m[34mSELECT  "users".* FROM "users" WHERE "users"."id" = $1 LIMIT $2[0m  [["id", 1], ["LIMIT", 1]]
  [1m[35mSQL (0.2ms)[0m  [1m[32mINSERT INTO "user_dishes" ("user_id", "dish_id", "created_at", "updated_at") VALUES ($1, $2, $3, $4) RETURNING "id"[0m  [["user_id", 1], ["dish_id", 5], ["created_at", "2018-04-03 19:00:00.336510"], ["updated_at", "2018-04-03 19:00:00.336510"]]
  [1m[35m (0.4ms)[0m  [1m[35mCOMMIT[0m
  [1m[36mDish Load (0.3ms)[0m  [1m[34mSELECT  "dishes".* FROM "dishes" ORDER BY "dishes"."id" ASC LIMIT $1[0m  [["LIMIT", 1]]
  [1m[36mIngredient Load (0.4ms)[0m  [1m[34mSELECT  "ingredients".* FROM "ingredients" ORDER BY "ingredients"."id" ASC LIMIT $1[0m  [["LIMIT", 1]]
  [1m[36mDish Load (0.3ms)[0m  [1m[34mSELECT  "dishes".* FROM "dishes" ORDER BY "dishes"."id" ASC LIMIT $1[0m  [["LIMIT", 1]]
  [1m[36mDish Load (0.4ms)[0m  [1m[34mSELECT  "dishes".* FROM "dishes" ORDER BY "dishes"."id" ASC LIMIT $1[0m  [["LIMIT", 1]]
  [1m[36mDish Load (0.4ms)[0m  [1m[34mSELECT  "dishes".* FROM "dishes" ORDER BY "dishes"."id" ASC LIMIT $1[0m  [["LIMIT", 1]]
  [1m[36mDish Load (0.4ms)[0m  [1m[34mSELECT  "dishes".* FROM "dishes" ORDER BY "dishes"."id" ASC LIMIT $1[0m  [["LIMIT", 1]]
  [1m[36mDish Load (0.5ms)[0m  [1m[34mSELECT  "dishes".* FROM "dishes" ORDER BY "dishes"."id" ASC LIMIT $1[0m  [["LIMIT", 1]]
  [1m[36mDish Load (0.3ms)[0m  [1m[34mSELECT  "dishes".* FROM "dishes" ORDER BY "dishes"."id" ASC LIMIT $1[0m  [["LIMIT", 1]]
  [1m[36mDish Load (0.4ms)[0m  [1m[34mSELECT  "dishes".* FROM "dishes" ORDER BY "dishes"."id" ASC LIMIT $1[0m  [["LIMIT", 1]]
  [1m[36mDish Load (0.3ms)[0m  [1m[34mSELECT  "dishes".* FROM "dishes" ORDER BY "dishes"."id" ASC LIMIT $1[0m  [["LIMIT", 1]]
  [1m[36mDish Load (0.4ms)[0m  [1m[34mSELECT  "dishes".* FROM "dishes" ORDER BY "dishes"."id" ASC LIMIT $1[0m  [["LIMIT", 1]]
  [1m[36mIngredient Load (1.3ms)[0m  [1m[34mSELECT  "ingredients".* FROM "ingredients" INNER JOIN "ingredients_dishes" ON "ingredients"."id" = "ingredients_dishes"."ingredient_id" WHERE "ingredients_dishes"."dish_id" = $1 LIMIT $2[0m  [["dish_id", 1], ["LIMIT", 11]]
  [1m[35m (0.1ms)[0m  [1m[34mSELECT pg_try_advisory_lock(1371790593955793655)[0m
  [1m[35m (0.4ms)[0m  [1m[34mSELECT "schema_migrations"."version" FROM "schema_migrations" ORDER BY "schema_migrations"."version" ASC[0m
Migrating to CreateUserIngredients (20180403193530)
  [1m[35m (0.1ms)[0m  [1m[35mBEGIN[0m
  [1m[35m (3.4ms)[0m  [1m[35mCREATE TABLE "user_ingredients" ("id" bigserial primary key, "user_id" integer, "ingredient_id" integer, "created_at" timestamp NOT NULL, "updated_at" timestamp NOT NULL)[0m
  [1m[35mSQL (0.2ms)[0m  [1m[32mINSERT INTO "schema_migrations" ("version") VALUES ($1) RETURNING "version"[0m  [["version", "20180403193530"]]
  [1m[35m (0.6ms)[0m  [1m[35mCOMMIT[0m
  [1m[36mActiveRecord::InternalMetadata Load (0.2ms)[0m  [1m[34mSELECT  "ar_internal_metadata".* FROM "ar_internal_metadata" WHERE "ar_internal_metadata"."key" = $1 LIMIT $2[0m  [["key", "environment"], ["LIMIT", 1]]
  [1m[35m (0.1ms)[0m  [1m[35mBEGIN[0m
  [1m[35m (0.1ms)[0m  [1m[35mCOMMIT[0m
  [1m[35m (0.3ms)[0m  [1m[34mSELECT pg_advisory_unlock(1371790593955793655)[0m
  [1m[35m (0.2ms)[0m  [1m[34mSELECT "schema_migrations"."version" FROM "schema_migrations" ORDER BY "schema_migrations"."version" ASC[0m
  [1m[35m (0.2ms)[0m  [1m[34mSELECT pg_try_advisory_lock(1371790593955793655)[0m
  [1m[35m (0.4ms)[0m  [1m[34mSELECT "schema_migrations"."version" FROM "schema_migrations" ORDER BY "schema_migrations"."version" ASC[0m
Migrating to AddingMoreIndexes (20180403193627)
  [1m[35m (0.1ms)[0m  [1m[35mBEGIN[0m
  [1m[35m (7.1ms)[0m  [1m[35mCREATE  INDEX  "index_user_ingredients_on_user_id" ON "user_ingredients"  ("user_id")[0m
  [1m[35m (1.0ms)[0m  [1m[35mCREATE  INDEX  "index_user_ingredients_on_ingredient_id" ON "user_ingredients"  ("ingredient_id")[0m
  [1m[35mSQL (0.4ms)[0m  [1m[32mINSERT INTO "schema_migrations" ("version") VALUES ($1) RETURNING "version"[0m  [["version", "20180403193627"]]
  [1m[35m (0.6ms)[0m  [1m[35mCOMMIT[0m
  [1m[36mActiveRecord::InternalMetadata Load (0.3ms)[0m  [1m[34mSELECT  "ar_internal_metadata".* FROM "ar_internal_metadata" WHERE "ar_internal_metadata"."key" = $1 LIMIT $2[0m  [["key", "environment"], ["LIMIT", 1]]
  [1m[35m (0.1ms)[0m  [1m[35mBEGIN[0m
  [1m[35m (0.1ms)[0m  [1m[35mCOMMIT[0m
  [1m[35m (0.1ms)[0m  [1m[34mSELECT pg_advisory_unlock(1371790593955793655)[0m
  [1m[35m (0.2ms)[0m  [1m[34mSELECT "schema_migrations"."version" FROM "schema_migrations" ORDER BY "schema_migrations"."version" ASC[0m
  [1m[35m (0.1ms)[0m  [1m[34mSELECT pg_try_advisory_lock(1371790593955793655)[0m
  [1m[35m (0.4ms)[0m  [1m[34mSELECT "schema_migrations"."version" FROM "schema_migrations" ORDER BY "schema_migrations"."version" ASC[0m
  [1m[36mActiveRecord::InternalMetadata Load (0.2ms)[0m  [1m[34mSELECT  "ar_internal_metadata".* FROM "ar_internal_metadata" WHERE "ar_internal_metadata"."key" = $1 LIMIT $2[0m  [["key", "environment"], ["LIMIT", 1]]
  [1m[35m (0.1ms)[0m  [1m[35mBEGIN[0m
  [1m[35m (0.1ms)[0m  [1m[35mCOMMIT[0m
  [1m[35m (0.1ms)[0m  [1m[34mSELECT pg_advisory_unlock(1371790593955793655)[0m
  [1m[35m (0.2ms)[0m  [1m[34mSELECT "schema_migrations"."version" FROM "schema_migrations" ORDER BY "schema_migrations"."version" ASC[0m
  [1m[35m (0.4ms)[0m  [1m[34mSELECT "schema_migrations"."version" FROM "schema_migrations" ORDER BY "schema_migrations"."version" ASC[0m
  [1m[35m (0.1ms)[0m  [1m[35mBEGIN[0m
  [1m[35mSQL (0.4ms)[0m  [1m[32mINSERT INTO "dishes" ("name", "description", "course", "cost", "created_at", "updated_at") VALUES ($1, $2, $3, $4, $5, $6) RETURNING "id"[0m  [["name", "Chicken Parm"], ["description", "This ain't yo mama's chicken parm."], ["course", 3], ["cost", 27], ["created_at", "2018-04-03 19:42:46.322423"], ["updated_at", "2018-04-03 19:42:46.322423"]]
  [1m[35m (6.1ms)[0m  [1m[35mCOMMIT[0m
  [1m[35m (0.2ms)[0m  [1m[35mBEGIN[0m
  [1m[35mSQL (0.3ms)[0m  [1m[32mINSERT INTO "dishes" ("name", "description", "course", "cost", "created_at", "updated_at") VALUES ($1, $2, $3, $4, $5, $6) RETURNING "id"[0m  [["name", "Meatloaf Sandwich"], ["description", "Made by Ryan Britt"], ["course", 3], ["cost", 97], ["created_at", "2018-04-03 19:42:46.331229"], ["updated_at", "2018-04-03 19:42:46.331229"]]
  [1m[35m (0.4ms)[0m  [1m[35mCOMMIT[0m
  [1m[35m (0.1ms)[0m  [1m[35mBEGIN[0m
  [1m[35mSQL (0.2ms)[0m  [1m[32mINSERT INTO "dishes" ("name", "description", "course", "cost", "created_at", "updated_at") VALUES ($1, $2, $3, $4, $5, $6) RETURNING "id"[0m  [["name", "Garden Salad"], ["description", "Healthy, delicious, utterly boring"], ["course", 2], ["cost", 9], ["created_at", "2018-04-03 19:42:46.333244"], ["updated_at", "2018-04-03 19:42:46.333244"]]
  [1m[35m (0.3ms)[0m  [1m[35mCOMMIT[0m
  [1m[35m (0.1ms)[0m  [1m[35mBEGIN[0m
  [1m[35mSQL (0.3ms)[0m  [1m[32mINSERT INTO "dishes" ("name", "description", "course", "cost", "created_at", "updated_at") VALUES ($1, $2, $3, $4, $5, $6) RETURNING "id"[0m  [["name", "Cobb Salad"], ["description", "This is healthy, right?"], ["course", 2], ["cost", 15], ["created_at", "2018-04-03 19:42:46.334880"], ["updated_at", "2018-04-03 19:42:46.334880"]]
  [1m[35m (0.3ms)[0m  [1m[35mCOMMIT[0m
  [1m[35m (0.1ms)[0m  [1m[35mBEGIN[0m
  [1m[35mSQL (0.2ms)[0m  [1m[32mINSERT INTO "dishes" ("name", "description", "course", "cost", "created_at", "updated_at") VALUES ($1, $2, $3, $4, $5, $6) RETURNING "id"[0m  [["name", "Calamari"], ["description", "Crunchy and tasty."], ["course", 1], ["cost", 13], ["created_at", "2018-04-03 19:42:46.336942"], ["updated_at", "2018-04-03 19:42:46.336942"]]
  [1m[35m (0.3ms)[0m  [1m[35mCOMMIT[0m
  [1m[35m (0.1ms)[0m  [1m[35mBEGIN[0m
  [1m[35mSQL (0.2ms)[0m  [1m[32mINSERT INTO "dishes" ("name", "description", "course", "cost", "created_at", "updated_at") VALUES ($1, $2, $3, $4, $5, $6) RETURNING "id"[0m  [["name", "Bruschetta"], ["description", "Give it a shot, it's good, I promise"], ["course", 1], ["cost", 12], ["created_at", "2018-04-03 19:42:46.338745"], ["updated_at", "2018-04-03 19:42:46.338745"]]
  [1m[35m (0.3ms)[0m  [1m[35mCOMMIT[0m
  [1m[35m (0.1ms)[0m  [1m[35mBEGIN[0m
  [1m[35mSQL (0.3ms)[0m  [1m[32mINSERT INTO "ingredients" ("name", "description", "created_at", "updated_at") VALUES ($1, $2, $3, $4) RETURNING "id"[0m  [["name", "Garlic"], ["description", "Put it in everything"], ["created_at", "2018-04-03 19:42:46.353032"], ["updated_at", "2018-04-03 19:42:46.353032"]]
  [1m[35m (0.3ms)[0m  [1m[35mCOMMIT[0m
  [1m[35m (0.1ms)[0m  [1m[35mBEGIN[0m
  [1m[35mSQL (0.2ms)[0m  [1m[32mINSERT INTO "ingredients" ("name", "description", "created_at", "updated_at") VALUES ($1, $2, $3, $4) RETURNING "id"[0m  [["name", "Romain Lettuce"], ["description", "How can something so boring taste so delicious?"], ["created_at", "2018-04-03 19:42:46.354832"], ["updated_at", "2018-04-03 19:42:46.354832"]]
  [1m[35m (0.3ms)[0m  [1m[35mCOMMIT[0m
  [1m[35m (0.1ms)[0m  [1m[35mBEGIN[0m
  [1m[35mSQL (0.2ms)[0m  [1m[32mINSERT INTO "ingredients" ("name", "description", "created_at", "updated_at") VALUES ($1, $2, $3, $4) RETURNING "id"[0m  [["name", "Squid"], ["description", "What do you think I am? Wikipedia?"], ["created_at", "2018-04-03 19:42:46.356125"], ["updated_at", "2018-04-03 19:42:46.356125"]]
  [1m[35m (0.3ms)[0m  [1m[35mCOMMIT[0m
  [1m[35m (0.1ms)[0m  [1m[35mBEGIN[0m
  [1m[35mSQL (0.2ms)[0m  [1m[32mINSERT INTO "ingredients" ("name", "description", "created_at", "updated_at") VALUES ($1, $2, $3, $4) RETURNING "id"[0m  [["name", "Beef"], ["description", "It's free range, I promise..."], ["created_at", "2018-04-03 19:42:46.357370"], ["updated_at", "2018-04-03 19:42:46.357370"]]
  [1m[35m (0.3ms)[0m  [1m[35mCOMMIT[0m
  [1m[35m (0.1ms)[0m  [1m[35mBEGIN[0m
  [1m[36mIngredient Load (0.2ms)[0m  [1m[34mSELECT  "ingredients".* FROM "ingredients" WHERE "ingredients"."id" = $1 LIMIT $2[0m  [["id", 1], ["LIMIT", 1]]
  [1m[36mDish Load (0.2ms)[0m  [1m[34mSELECT  "dishes".* FROM "dishes" WHERE "dishes"."id" = $1 LIMIT $2[0m  [["id", 1], ["LIMIT", 1]]
  [1m[35mSQL (0.4ms)[0m  [1m[32mINSERT INTO "ingredients_dishes" ("ingredient_id", "dish_id", "created_at", "updated_at") VALUES ($1, $2, $3, $4) RETURNING "id"[0m  [["ingredient_id", 1], ["dish_id", 1], ["created_at", "2018-04-03 19:42:46.378347"], ["updated_at", "2018-04-03 19:42:46.378347"]]
  [1m[35m (0.5ms)[0m  [1m[35mCOMMIT[0m
  [1m[35m (0.2ms)[0m  [1m[35mBEGIN[0m
  [1m[36mIngredient Load (0.2ms)[0m  [1m[34mSELECT  "ingredients".* FROM "ingredients" WHERE "ingredients"."id" = $1 LIMIT $2[0m  [["id", 1], ["LIMIT", 1]]
  [1m[36mDish Load (0.2ms)[0m  [1m[34mSELECT  "dishes".* FROM "dishes" WHERE "dishes"."id" = $1 LIMIT $2[0m  [["id", 2], ["LIMIT", 1]]
  [1m[35mSQL (0.2ms)[0m  [1m[32mINSERT INTO "ingredients_dishes" ("ingredient_id", "dish_id", "created_at", "updated_at") VALUES ($1, $2, $3, $4) RETURNING "id"[0m  [["ingredient_id", 1], ["dish_id", 2], ["created_at", "2018-04-03 19:42:46.382451"], ["updated_at", "2018-04-03 19:42:46.382451"]]
  [1m[35m (0.4ms)[0m  [1m[35mCOMMIT[0m
  [1m[35m (0.1ms)[0m  [1m[35mBEGIN[0m
  [1m[36mIngredient Load (0.2ms)[0m  [1m[34mSELECT  "ingredients".* FROM "ingredients" WHERE "ingredients"."id" = $1 LIMIT $2[0m  [["id", 2], ["LIMIT", 1]]
  [1m[36mDish Load (0.1ms)[0m  [1m[34mSELECT  "dishes".* FROM "dishes" WHERE "dishes"."id" = $1 LIMIT $2[0m  [["id", 1], ["LIMIT", 1]]
  [1m[35mSQL (0.2ms)[0m  [1m[32mINSERT INTO "ingredients_dishes" ("ingredient_id", "dish_id", "created_at", "updated_at") VALUES ($1, $2, $3, $4) RETURNING "id"[0m  [["ingredient_id", 2], ["dish_id", 1], ["created_at", "2018-04-03 19:42:46.385490"], ["updated_at", "2018-04-03 19:42:46.385490"]]
  [1m[35m (0.4ms)[0m  [1m[35mCOMMIT[0m
  [1m[35m (0.1ms)[0m  [1m[35mBEGIN[0m
  [1m[36mIngredient Load (0.2ms)[0m  [1m[34mSELECT  "ingredients".* FROM "ingredients" WHERE "ingredients"."id" = $1 LIMIT $2[0m  [["id", 1], ["LIMIT", 1]]
  [1m[36mDish Load (0.1ms)[0m  [1m[34mSELECT  "dishes".* FROM "dishes" WHERE "dishes"."id" = $1 LIMIT $2[0m  [["id", 3], ["LIMIT", 1]]
  [1m[35mSQL (0.2ms)[0m  [1m[32mINSERT INTO "ingredients_dishes" ("ingredient_id", "dish_id", "created_at", "updated_at") VALUES ($1, $2, $3, $4) RETURNING "id"[0m  [["ingredient_id", 1], ["dish_id", 3], ["created_at", "2018-04-03 19:42:46.388472"], ["updated_at", "2018-04-03 19:42:46.388472"]]
  [1m[35m (0.4ms)[0m  [1m[35mCOMMIT[0m
  [1m[35m (0.1ms)[0m  [1m[35mBEGIN[0m
  [1m[36mIngredient Load (0.2ms)[0m  [1m[34mSELECT  "ingredients".* FROM "ingredients" WHERE "ingredients"."id" = $1 LIMIT $2[0m  [["id", 3], ["LIMIT", 1]]
  [1m[36mDish Load (0.1ms)[0m  [1m[34mSELECT  "dishes".* FROM "dishes" WHERE "dishes"."id" = $1 LIMIT $2[0m  [["id", 1], ["LIMIT", 1]]
  [1m[35mSQL (0.2ms)[0m  [1m[32mINSERT INTO "ingredients_dishes" ("ingredient_id", "dish_id", "created_at", "updated_at") VALUES ($1, $2, $3, $4) RETURNING "id"[0m  [["ingredient_id", 3], ["dish_id", 1], ["created_at", "2018-04-03 19:42:46.391050"], ["updated_at", "2018-04-03 19:42:46.391050"]]
  [1m[35m (0.4ms)[0m  [1m[35mCOMMIT[0m
  [1m[35m (0.2ms)[0m  [1m[35mBEGIN[0m
  [1m[36mDish Load (0.2ms)[0m  [1m[34mSELECT  "dishes".* FROM "dishes" WHERE "dishes"."id" = $1 LIMIT $2[0m  [["id", 1], ["LIMIT", 1]]
  [1m[36mUser Load (0.3ms)[0m  [1m[34mSELECT  "users".* FROM "users" WHERE "users"."id" = $1 LIMIT $2[0m  [["id", 1], ["LIMIT", 1]]
  [1m[35mSQL (0.4ms)[0m  [1m[32mINSERT INTO "user_dishes" ("user_id", "dish_id", "created_at", "updated_at") VALUES ($1, $2, $3, $4) RETURNING "id"[0m  [["user_id", 1], ["dish_id", 1], ["created_at", "2018-04-03 19:42:46.413746"], ["updated_at", "2018-04-03 19:42:46.413746"]]
  [1m[35m (0.4ms)[0m  [1m[35mCOMMIT[0m
  [1m[35m (0.1ms)[0m  [1m[35mBEGIN[0m
  [1m[36mDish Load (0.1ms)[0m  [1m[34mSELECT  "dishes".* FROM "dishes" WHERE "dishes"."id" = $1 LIMIT $2[0m  [["id", 2], ["LIMIT", 1]]
  [1m[36mUser Load (0.3ms)[0m  [1m[34mSELECT  "users".* FROM "users" WHERE "users"."id" = $1 LIMIT $2[0m  [["id", 1], ["LIMIT", 1]]
  [1m[35mSQL (0.2ms)[0m  [1m[32mINSERT INTO "user_dishes" ("user_id", "dish_id", "created_at", "updated_at") VALUES ($1, $2, $3, $4) RETURNING "id"[0m  [["user_id", 1], ["dish_id", 2], ["created_at", "2018-04-03 19:42:46.417650"], ["updated_at", "2018-04-03 19:42:46.417650"]]
  [1m[35m (0.5ms)[0m  [1m[35mCOMMIT[0m
  [1m[35m (0.2ms)[0m  [1m[35mBEGIN[0m
  [1m[36mDish Load (0.2ms)[0m  [1m[34mSELECT  "dishes".* FROM "dishes" WHERE "dishes"."id" = $1 LIMIT $2[0m  [["id", 3], ["LIMIT", 1]]
  [1m[36mUser Load (0.2ms)[0m  [1m[34mSELECT  "users".* FROM "users" WHERE "users"."id" = $1 LIMIT $2[0m  [["id", 1], ["LIMIT", 1]]
  [1m[35mSQL (0.2ms)[0m  [1m[32mINSERT INTO "user_dishes" ("user_id", "dish_id", "created_at", "updated_at") VALUES ($1, $2, $3, $4) RETURNING "id"[0m  [["user_id", 1], ["dish_id", 3], ["created_at", "2018-04-03 19:42:46.421501"], ["updated_at", "2018-04-03 19:42:46.421501"]]
  [1m[35m (0.3ms)[0m  [1m[35mCOMMIT[0m
  [1m[35m (0.1ms)[0m  [1m[35mBEGIN[0m
  [1m[36mDish Load (0.1ms)[0m  [1m[34mSELECT  "dishes".* FROM "dishes" WHERE "dishes"."id" = $1 LIMIT $2[0m  [["id", 4], ["LIMIT", 1]]
  [1m[36mUser Load (0.1ms)[0m  [1m[34mSELECT  "users".* FROM "users" WHERE "users"."id" = $1 LIMIT $2[0m  [["id", 1], ["LIMIT", 1]]
  [1m[35mSQL (0.2ms)[0m  [1m[32mINSERT INTO "user_dishes" ("user_id", "dish_id", "created_at", "updated_at") VALUES ($1, $2, $3, $4) RETURNING "id"[0m  [["user_id", 1], ["dish_id", 4], ["created_at", "2018-04-03 19:42:46.424163"], ["updated_at", "2018-04-03 19:42:46.424163"]]
  [1m[35m (0.4ms)[0m  [1m[35mCOMMIT[0m
  [1m[35m (0.1ms)[0m  [1m[35mBEGIN[0m
  [1m[36mDish Load (0.1ms)[0m  [1m[34mSELECT  "dishes".* FROM "dishes" WHERE "dishes"."id" = $1 LIMIT $2[0m  [["id", 5], ["LIMIT", 1]]
  [1m[36mUser Load (0.1ms)[0m  [1m[34mSELECT  "users".* FROM "users" WHERE "users"."id" = $1 LIMIT $2[0m  [["id", 1], ["LIMIT", 1]]
  [1m[35mSQL (0.2ms)[0m  [1m[32mINSERT INTO "user_dishes" ("user_id", "dish_id", "created_at", "updated_at") VALUES ($1, $2, $3, $4) RETURNING "id"[0m  [["user_id", 1], ["dish_id", 5], ["created_at", "2018-04-03 19:42:46.426520"], ["updated_at", "2018-04-03 19:42:46.426520"]]
  [1m[35m (0.3ms)[0m  [1m[35mCOMMIT[0m
  [1m[35m (0.1ms)[0m  [1m[35mBEGIN[0m
  [1m[36mUser Load (0.2ms)[0m  [1m[34mSELECT  "users".* FROM "users" WHERE "users"."id" = $1 LIMIT $2[0m  [["id", 1], ["LIMIT", 1]]
  [1m[36mIngredient Load (0.2ms)[0m  [1m[34mSELECT  "ingredients".* FROM "ingredients" WHERE "ingredients"."id" = $1 LIMIT $2[0m  [["id", 1], ["LIMIT", 1]]
  [1m[35mSQL (0.7ms)[0m  [1m[32mINSERT INTO "user_ingredients" ("user_id", "ingredient_id", "created_at", "updated_at") VALUES ($1, $2, $3, $4) RETURNING "id"[0m  [["user_id", 1], ["ingredient_id", 1], ["created_at", "2018-04-03 19:42:46.437971"], ["updated_at", "2018-04-03 19:42:46.437971"]]
  [1m[35m (0.4ms)[0m  [1m[35mCOMMIT[0m
  [1m[35m (0.1ms)[0m  [1m[35mBEGIN[0m
  [1m[36mUser Load (0.1ms)[0m  [1m[34mSELECT  "users".* FROM "users" WHERE "users"."id" = $1 LIMIT $2[0m  [["id", 1], ["LIMIT", 1]]
  [1m[36mIngredient Load (0.1ms)[0m  [1m[34mSELECT  "ingredients".* FROM "ingredients" WHERE "ingredients"."id" = $1 LIMIT $2[0m  [["id", 2], ["LIMIT", 1]]
  [1m[35mSQL (0.2ms)[0m  [1m[32mINSERT INTO "user_ingredients" ("user_id", "ingredient_id", "created_at", "updated_at") VALUES ($1, $2, $3, $4) RETURNING "id"[0m  [["user_id", 1], ["ingredient_id", 2], ["created_at", "2018-04-03 19:42:46.441376"], ["updated_at", "2018-04-03 19:42:46.441376"]]
  [1m[35m (0.4ms)[0m  [1m[35mCOMMIT[0m
  [1m[35m (0.1ms)[0m  [1m[35mBEGIN[0m
  [1m[36mUser Load (0.1ms)[0m  [1m[34mSELECT  "users".* FROM "users" WHERE "users"."id" = $1 LIMIT $2[0m  [["id", 1], ["LIMIT", 1]]
  [1m[36mIngredient Load (0.1ms)[0m  [1m[34mSELECT  "ingredients".* FROM "ingredients" WHERE "ingredients"."id" = $1 LIMIT $2[0m  [["id", 3], ["LIMIT", 1]]
  [1m[35mSQL (0.2ms)[0m  [1m[32mINSERT INTO "user_ingredients" ("user_id", "ingredient_id", "created_at", "updated_at") VALUES ($1, $2, $3, $4) RETURNING "id"[0m  [["user_id", 1], ["ingredient_id", 3], ["created_at", "2018-04-03 19:42:46.444335"], ["updated_at", "2018-04-03 19:42:46.444335"]]
  [1m[35m (0.4ms)[0m  [1m[35mCOMMIT[0m
  [1m[35m (0.1ms)[0m  [1m[35mBEGIN[0m
  [1m[36mUser Load (0.1ms)[0m  [1m[34mSELECT  "users".* FROM "users" WHERE "users"."id" = $1 LIMIT $2[0m  [["id", 1], ["LIMIT", 1]]
  [1m[36mIngredient Load (0.1ms)[0m  [1m[34mSELECT  "ingredients".* FROM "ingredients" WHERE "ingredients"."id" = $1 LIMIT $2[0m  [["id", 4], ["LIMIT", 1]]
  [1m[35mSQL (0.2ms)[0m  [1m[32mINSERT INTO "user_ingredients" ("user_id", "ingredient_id", "created_at", "updated_at") VALUES ($1, $2, $3, $4) RETURNING "id"[0m  [["user_id", 1], ["ingredient_id", 4], ["created_at", "2018-04-03 19:42:46.446887"], ["updated_at", "2018-04-03 19:42:46.446887"]]
  [1m[35m (0.4ms)[0m  [1m[35mCOMMIT[0m
  [1m[35m (0.1ms)[0m  [1m[35mBEGIN[0m
  [1m[36mUser Load (0.1ms)[0m  [1m[34mSELECT  "users".* FROM "users" WHERE "users"."id" = $1 LIMIT $2[0m  [["id", 1], ["LIMIT", 1]]
  [1m[36mIngredient Load (0.1ms)[0m  [1m[34mSELECT  "ingredients".* FROM "ingredients" WHERE "ingredients"."id" = $1 LIMIT $2[0m  [["id", 5], ["LIMIT", 1]]
  [1m[35mSQL (0.2ms)[0m  [1m[32mINSERT INTO "user_ingredients" ("user_id", "ingredient_id", "created_at", "updated_at") VALUES ($1, $2, $3, $4) RETURNING "id"[0m  [["user_id", 1], ["ingredient_id", 5], ["created_at", "2018-04-03 19:42:46.449800"], ["updated_at", "2018-04-03 19:42:46.449800"]]
  [1m[35m (0.3ms)[0m  [1m[35mCOMMIT[0m
  [1m[36mUser Load (0.4ms)[0m  [1m[34mSELECT  "users".* FROM "users" ORDER BY "users"."id" ASC LIMIT $1[0m  [["LIMIT", 1]]
  [1m[36mUser Load (0.4ms)[0m  [1m[34mSELECT  "users".* FROM "users" ORDER BY "users"."id" ASC LIMIT $1[0m  [["LIMIT", 1]]
  [1m[36mIngredient Load (0.5ms)[0m  [1m[34mSELECT  "ingredients".* FROM "ingredients" INNER JOIN "user_ingredients" ON "ingredients"."id" = "user_ingredients"."ingredient_id" WHERE "user_ingredients"."user_id" = $1 LIMIT $2[0m  [["user_id", 1], ["LIMIT", 11]]
